<?xml version="1.0" encoding="UTF-8"?>
<!-- Generated by org.testng.reporters.JUnitXMLReporter -->
<testsuite hostname="LAPTOP-7NC8C0E5" ignored="0" name="Test" tests="3" failures="1" timestamp="24 Aug 2019 14:49:43 GMT" time="88.449" errors="0">
  <testcase name="loginToCapsule" time="16.484" classname="com.capsule.tests.LoginPageTest"/>
  <testcase name="checkLogo" time="0.862" classname="com.capsule.tests.LoginPageTest">
    <failure type="java.lang.AssertionError" message="expected [false] but found [true]">
      <![CDATA[java.lang.AssertionError: expected [false] but found [true]
at com.capsule.tests.LoginPageTest.checkLogo(LoginPageTest.java:40)
... Removed 29 stack frames]]>
    </failure>
  </testcase> <!-- checkLogo -->
  <testcase name="checkURL" time="0.121" classname="com.capsule.tests.LoginPageTest"/>
</testsuite> <!-- Test -->
