<?xml version="1.0" encoding="UTF-8"?>
<!-- Generated by org.testng.reporters.JUnitXMLReporter -->
<testsuite hostname="LAPTOP-7NC8C0E5" ignored="0" name="Default test" tests="3" failures="0" timestamp="25 Aug 2019 14:02:07 GMT" time="114.792" errors="0">
  <testcase name="enterOrgDetails" time="5.572" classname="com.capsule.tests.OrganizationPageTest"/>
  <testcase name="enterOrgDetails" time="5.043" classname="com.capsule.tests.OrganizationPageTest"/>
  <testcase name="enterOrgDetails" time="5.054" classname="com.capsule.tests.OrganizationPageTest"/>
</testsuite> <!-- Default test -->
