<?xml version="1.0" encoding="UTF-8"?>
<testng-results skipped="0" failed="0" ignored="0" total="3" passed="3">
  <reporter-output>
  </reporter-output>
  <suite name="Default suite" duration-ms="114792" started-at="2019-08-25T14:00:12Z" finished-at="2019-08-25T14:02:07Z">
    <groups>
    </groups>
    <test name="Default test" duration-ms="114792" started-at="2019-08-25T14:00:12Z" finished-at="2019-08-25T14:02:07Z">
      <class name="com.capsule.tests.OrganizationPageTest">
        <test-method status="PASS" signature="setUp()[pri:0, instance:com.capsule.tests.OrganizationPageTest@1f28c152]" name="setUp" is-config="true" duration-ms="41299" started-at="2019-08-25T14:00:14Z" finished-at="2019-08-25T14:00:55Z">
          <reporter-output>
          </reporter-output>
        </test-method> <!-- setUp -->
        <test-method status="PASS" signature="enterOrgDetails(java.lang.String, java.lang.String, java.lang.String)[pri:0, instance:com.capsule.tests.OrganizationPageTest@1f28c152]" name="enterOrgDetails" duration-ms="5572" started-at="2019-08-25T14:00:55Z" data-provider="getTestData" finished-at="2019-08-25T14:01:01Z">
          <params>
            <param index="0">
              <value>
                <![CDATA[CitiusTech]]>
              </value>
            </param>
            <param index="1">
              <value>
                <![CDATA[CT]]>
              </value>
            </param>
            <param index="2">
              <value>
                <![CDATA[9.854555125E9]]>
              </value>
            </param>
          </params>
          <reporter-output>
          </reporter-output>
        </test-method> <!-- enterOrgDetails -->
        <test-method status="PASS" signature="tearDown()[pri:0, instance:com.capsule.tests.OrganizationPageTest@1f28c152]" name="tearDown" is-config="true" duration-ms="1740" started-at="2019-08-25T14:01:01Z" finished-at="2019-08-25T14:01:02Z">
          <reporter-output>
          </reporter-output>
        </test-method> <!-- tearDown -->
        <test-method status="PASS" signature="setUp()[pri:0, instance:com.capsule.tests.OrganizationPageTest@1f28c152]" name="setUp" is-config="true" duration-ms="27330" started-at="2019-08-25T14:01:02Z" finished-at="2019-08-25T14:01:30Z">
          <reporter-output>
          </reporter-output>
        </test-method> <!-- setUp -->
        <test-method status="PASS" signature="enterOrgDetails(java.lang.String, java.lang.String, java.lang.String)[pri:0, instance:com.capsule.tests.OrganizationPageTest@1f28c152]" name="enterOrgDetails" duration-ms="5043" started-at="2019-08-25T14:01:30Z" data-provider="getTestData" finished-at="2019-08-25T14:01:35Z">
          <params>
            <param index="0">
              <value>
                <![CDATA[Trivago]]>
              </value>
            </param>
            <param index="1">
              <value>
                <![CDATA[TV]]>
              </value>
            </param>
            <param index="2">
              <value>
                <![CDATA[4.985626982E9]]>
              </value>
            </param>
          </params>
          <reporter-output>
          </reporter-output>
        </test-method> <!-- enterOrgDetails -->
        <test-method status="PASS" signature="tearDown()[pri:0, instance:com.capsule.tests.OrganizationPageTest@1f28c152]" name="tearDown" is-config="true" duration-ms="1351" started-at="2019-08-25T14:01:35Z" finished-at="2019-08-25T14:01:36Z">
          <reporter-output>
          </reporter-output>
        </test-method> <!-- tearDown -->
        <test-method status="PASS" signature="setUp()[pri:0, instance:com.capsule.tests.OrganizationPageTest@1f28c152]" name="setUp" is-config="true" duration-ms="24790" started-at="2019-08-25T14:01:36Z" finished-at="2019-08-25T14:02:01Z">
          <reporter-output>
          </reporter-output>
        </test-method> <!-- setUp -->
        <test-method status="PASS" signature="enterOrgDetails(java.lang.String, java.lang.String, java.lang.String)[pri:0, instance:com.capsule.tests.OrganizationPageTest@1f28c152]" name="enterOrgDetails" duration-ms="5054" started-at="2019-08-25T14:02:01Z" data-provider="getTestData" finished-at="2019-08-25T14:02:06Z">
          <params>
            <param index="0">
              <value>
                <![CDATA[Amazon]]>
              </value>
            </param>
            <param index="1">
              <value>
                <![CDATA[AZ]]>
              </value>
            </param>
            <param index="2">
              <value>
                <![CDATA[1.852630278E9]]>
              </value>
            </param>
          </params>
          <reporter-output>
          </reporter-output>
        </test-method> <!-- enterOrgDetails -->
        <test-method status="PASS" signature="tearDown()[pri:0, instance:com.capsule.tests.OrganizationPageTest@1f28c152]" name="tearDown" is-config="true" duration-ms="886" started-at="2019-08-25T14:02:06Z" finished-at="2019-08-25T14:02:07Z">
          <reporter-output>
          </reporter-output>
        </test-method> <!-- tearDown -->
      </class> <!-- com.capsule.tests.OrganizationPageTest -->
    </test> <!-- Default test -->
  </suite> <!-- Default suite -->
</testng-results>
